<?xml version="1.0" encoding="UTF-8" ?>
<testsuite failures="4" time="0.019" errors="0" skipped="0" tests="8" name="com.google.visualization.datasource.util.SqlDataSourceHelperTest">
  <properties>
    <property name="java.runtime.name" value="Java(TM) SE Runtime Environment"/>
    <property name="sun.boot.library.path" value="/usr/lib/jvm/java-6-sun-1.6.0.16/jre/lib/i386"/>
    <property name="java.vm.version" value="14.2-b01"/>
    <property name="java.vm.vendor" value="Sun Microsystems Inc."/>
    <property name="java.vendor.url" value="http://java.sun.com/"/>
    <property name="path.separator" value=":"/>
    <property name="java.vm.name" value="Java HotSpot(TM) Server VM"/>
    <property name="file.encoding.pkg" value="sun.io"/>
    <property name="user.country" value="US"/>
    <property name="sun.java.launcher" value="SUN_STANDARD"/>
    <property name="sun.os.patch.level" value="unknown"/>
    <property name="java.vm.specification.name" value="Java Virtual Machine Specification"/>
    <property name="user.dir" value="/home/jrmerz/workspace/google-visualization-java"/>
    <property name="java.runtime.version" value="1.6.0_16-b01"/>
    <property name="java.awt.graphicsenv" value="sun.awt.X11GraphicsEnvironment"/>
    <property name="basedir" value="/home/jrmerz/workspace/google-visualization-java"/>
    <property name="java.endorsed.dirs" value="/usr/lib/jvm/java-6-sun-1.6.0.16/jre/lib/endorsed"/>
    <property name="os.arch" value="i386"/>
    <property name="surefire.real.class.path" value="/tmp/surefirebooter445981356924856455.jar"/>
    <property name="java.io.tmpdir" value="/tmp"/>
    <property name="line.separator" value="
"/>
    <property name="java.vm.specification.vendor" value="Sun Microsystems Inc."/>
    <property name="os.name" value="Linux"/>
    <property name="sun.jnu.encoding" value="UTF-8"/>
    <property name="java.library.path" value="/usr/lib/jvm/java-6-sun-1.6.0.16/jre/lib/i386/server:/usr/lib/jvm/java-6-sun-1.6.0.16/jre/lib/i386:/usr/lib/jvm/java-6-sun-1.6.0.16/jre/../lib/i386:/usr/java/packages/lib/i386:/lib:/usr/lib"/>
    <property name="surefire.test.class.path" value="/home/jrmerz/workspace/google-visualization-java/build/class/test:/home/jrmerz/workspace/google-visualization-java/build/class/main:/home/jrmerz/.m2/repository/commons-lang/commons-lang/2.4/commons-lang-2.4.jar:/home/jrmerz/.m2/repository/commons-logging/commons-logging/1.1.1/commons-logging-1.1.1.jar:/home/jrmerz/.m2/repository/com/google/collections/google-collections/1.0-rc3/google-collections-1.0-rc3.jar:/home/jrmerz/.m2/repository/com/ibm/icu/icu4j/4.0.1/icu4j-4.0.1.jar:/home/jrmerz/.m2/repository/net/sf/opencsv/opencsv/1.8/opencsv-1.8.jar:/home/jrmerz/.m2/repository/javax/servlet/servlet-api/2.5/servlet-api-2.5.jar:/home/jrmerz/.m2/repository/junit/junit/4.6/junit-4.6.jar:/home/jrmerz/.m2/repository/org/easymock/easymock/2.5/easymock-2.5.jar:"/>
    <property name="java.specification.name" value="Java Platform API Specification"/>
    <property name="java.class.version" value="50.0"/>
    <property name="sun.management.compiler" value="HotSpot Tiered Compilers"/>
    <property name="os.version" value="2.6.31-19-generic"/>
    <property name="user.home" value="/home/jrmerz"/>
    <property name="user.timezone" value="GMT"/>
    <property name="java.awt.printerjob" value="sun.print.PSPrinterJob"/>
    <property name="file.encoding" value="UTF-8"/>
    <property name="java.specification.version" value="1.6"/>
    <property name="user.name" value="jrmerz"/>
    <property name="java.class.path" value="/home/jrmerz/workspace/google-visualization-java/build/class/test:/home/jrmerz/workspace/google-visualization-java/build/class/main:/home/jrmerz/.m2/repository/commons-lang/commons-lang/2.4/commons-lang-2.4.jar:/home/jrmerz/.m2/repository/commons-logging/commons-logging/1.1.1/commons-logging-1.1.1.jar:/home/jrmerz/.m2/repository/com/google/collections/google-collections/1.0-rc3/google-collections-1.0-rc3.jar:/home/jrmerz/.m2/repository/com/ibm/icu/icu4j/4.0.1/icu4j-4.0.1.jar:/home/jrmerz/.m2/repository/net/sf/opencsv/opencsv/1.8/opencsv-1.8.jar:/home/jrmerz/.m2/repository/javax/servlet/servlet-api/2.5/servlet-api-2.5.jar:/home/jrmerz/.m2/repository/junit/junit/4.6/junit-4.6.jar:/home/jrmerz/.m2/repository/org/easymock/easymock/2.5/easymock-2.5.jar:"/>
    <property name="java.vm.specification.version" value="1.0"/>
    <property name="sun.arch.data.model" value="32"/>
    <property name="java.home" value="/usr/lib/jvm/java-6-sun-1.6.0.16/jre"/>
    <property name="java.specification.vendor" value="Sun Microsystems Inc."/>
    <property name="user.language" value="en"/>
    <property name="java.vm.info" value="mixed mode"/>
    <property name="java.version" value="1.6.0_16"/>
    <property name="java.ext.dirs" value="/usr/lib/jvm/java-6-sun-1.6.0.16/jre/lib/ext:/usr/java/packages/lib/ext"/>
    <property name="sun.boot.class.path" value="/usr/lib/jvm/java-6-sun-1.6.0.16/jre/lib/resources.jar:/usr/lib/jvm/java-6-sun-1.6.0.16/jre/lib/rt.jar:/usr/lib/jvm/java-6-sun-1.6.0.16/jre/lib/sunrsasign.jar:/usr/lib/jvm/java-6-sun-1.6.0.16/jre/lib/jsse.jar:/usr/lib/jvm/java-6-sun-1.6.0.16/jre/lib/jce.jar:/usr/lib/jvm/java-6-sun-1.6.0.16/jre/lib/charsets.jar:/usr/lib/jvm/java-6-sun-1.6.0.16/jre/classes"/>
    <property name="java.vendor" value="Sun Microsystems Inc."/>
    <property name="localRepository" value="/home/jrmerz/.m2/repository"/>
    <property name="file.separator" value="/"/>
    <property name="java.vendor.url.bug" value="http://java.sun.com/cgi-bin/bugreport.cgi"/>
    <property name="sun.cpu.endian" value="little"/>
    <property name="sun.io.unicode.encoding" value="UnicodeLittle"/>
    <property name="sun.desktop" value="gnome"/>
    <property name="sun.cpu.isalist" value=""/>
  </properties>
  <testcase time="0.005" classname="com.google.visualization.datasource.util.SqlDataSourceHelperTest" name="testBuildSelectClause">
    <failure message="SELECT &quot;ID&quot;, min(&quot;Salary&quot;)  expected:&lt;SELECT [`ID`, min(`Salary`]) &gt; but was:&lt;SELECT [&quot;ID&quot;, min(&quot;Salary&quot;]) &gt;" type="junit.framework.ComparisonFailure">junit.framework.ComparisonFailure: SELECT &quot;ID&quot;, min(&quot;Salary&quot;)  expected:&lt;SELECT [`ID`, min(`Salary`]) &gt; but was:&lt;SELECT [&quot;ID&quot;, min(&quot;Salary&quot;]) &gt;
	at junit.framework.Assert.assertEquals(Assert.java:81)
	at com.google.visualization.datasource.util.SqlDataSourceHelperTest.testBuildSelectClause(SqlDataSourceHelperTest.java:130)
	at sun.reflect.NativeMethodAccessorImpl.invoke0(Native Method)
	at sun.reflect.NativeMethodAccessorImpl.invoke(NativeMethodAccessorImpl.java:39)
	at sun.reflect.DelegatingMethodAccessorImpl.invoke(DelegatingMethodAccessorImpl.java:25)
	at java.lang.reflect.Method.invoke(Method.java:597)
	at junit.framework.TestCase.runTest(TestCase.java:168)
	at junit.framework.TestCase.runBare(TestCase.java:134)
	at junit.framework.TestResult$1.protect(TestResult.java:110)
	at junit.framework.TestResult.runProtected(TestResult.java:128)
	at junit.framework.TestResult.run(TestResult.java:113)
	at junit.framework.TestCase.run(TestCase.java:124)
	at junit.framework.TestSuite.runTest(TestSuite.java:232)
	at junit.framework.TestSuite.run(TestSuite.java:227)
	at org.junit.internal.runners.JUnit38ClassRunner.run(JUnit38ClassRunner.java:91)
	at org.apache.maven.surefire.junit4.JUnit4TestSet.execute(JUnit4TestSet.java:62)
	at org.apache.maven.surefire.suite.AbstractDirectoryTestSuite.executeTestSet(AbstractDirectoryTestSuite.java:140)
	at org.apache.maven.surefire.suite.AbstractDirectoryTestSuite.execute(AbstractDirectoryTestSuite.java:127)
	at org.apache.maven.surefire.Surefire.run(Surefire.java:177)
	at sun.reflect.NativeMethodAccessorImpl.invoke0(Native Method)
	at sun.reflect.NativeMethodAccessorImpl.invoke(NativeMethodAccessorImpl.java:39)
	at sun.reflect.DelegatingMethodAccessorImpl.invoke(DelegatingMethodAccessorImpl.java:25)
	at java.lang.reflect.Method.invoke(Method.java:597)
	at org.apache.maven.surefire.booter.SurefireBooter.runSuitesInProcess(SurefireBooter.java:345)
	at org.apache.maven.surefire.booter.SurefireBooter.main(SurefireBooter.java:1009)
</failure>
  </testcase>
  <testcase time="0" classname="com.google.visualization.datasource.util.SqlDataSourceHelperTest" name="testBuildFromClause"/>
  <testcase time="0.002" classname="com.google.visualization.datasource.util.SqlDataSourceHelperTest" name="testBuildWhereClause">
    <failure message="WHERE (((&quot;ID&quot;=&quot;Salary&quot;) AND (&quot;ID&quot;&gt;=1.0)) OR ((&quot;Fname&quot; LIKE &quot;&apos;Mi&apos;%&quot;) AND (&quot;Lname&quot; LIKE &quot;%&apos;SH&apos;%&quot;) AND (&quot;Lname&quot; LIKE &quot;%&apos;tz&apos;&quot;)))  expected:&lt;WHERE ((([`ID`=`Salary`) AND (`ID`&gt;=1.0)) OR ((`Fname` LIKE &quot;Mi%&quot;) AND (`Lname` LIKE &quot;%SH%&quot;) AND (`Lname` LIKE &quot;%tz]&quot;))) &gt; but was:&lt;WHERE ((([&quot;ID&quot;=&quot;Salary&quot;) AND (&quot;ID&quot;&gt;=1.0)) OR ((&quot;Fname&quot; LIKE &quot;&apos;Mi&apos;%&quot;) AND (&quot;Lname&quot; LIKE &quot;%&apos;SH&apos;%&quot;) AND (&quot;Lname&quot; LIKE &quot;%&apos;tz&apos;]&quot;))) &gt;" type="junit.framework.ComparisonFailure">junit.framework.ComparisonFailure: WHERE (((&quot;ID&quot;=&quot;Salary&quot;) AND (&quot;ID&quot;&gt;=1.0)) OR ((&quot;Fname&quot; LIKE &quot;&apos;Mi&apos;%&quot;) AND (&quot;Lname&quot; LIKE &quot;%&apos;SH&apos;%&quot;) AND (&quot;Lname&quot; LIKE &quot;%&apos;tz&apos;&quot;)))  expected:&lt;WHERE ((([`ID`=`Salary`) AND (`ID`&gt;=1.0)) OR ((`Fname` LIKE &quot;Mi%&quot;) AND (`Lname` LIKE &quot;%SH%&quot;) AND (`Lname` LIKE &quot;%tz]&quot;))) &gt; but was:&lt;WHERE ((([&quot;ID&quot;=&quot;Salary&quot;) AND (&quot;ID&quot;&gt;=1.0)) OR ((&quot;Fname&quot; LIKE &quot;&apos;Mi&apos;%&quot;) AND (&quot;Lname&quot; LIKE &quot;%&apos;SH&apos;%&quot;) AND (&quot;Lname&quot; LIKE &quot;%&apos;tz&apos;]&quot;))) &gt;
	at junit.framework.Assert.assertEquals(Assert.java:81)
	at com.google.visualization.datasource.util.SqlDataSourceHelperTest.testBuildWhereClause(SqlDataSourceHelperTest.java:182)
	at sun.reflect.NativeMethodAccessorImpl.invoke0(Native Method)
	at sun.reflect.NativeMethodAccessorImpl.invoke(NativeMethodAccessorImpl.java:39)
	at sun.reflect.DelegatingMethodAccessorImpl.invoke(DelegatingMethodAccessorImpl.java:25)
	at java.lang.reflect.Method.invoke(Method.java:597)
	at junit.framework.TestCase.runTest(TestCase.java:168)
	at junit.framework.TestCase.runBare(TestCase.java:134)
	at junit.framework.TestResult$1.protect(TestResult.java:110)
	at junit.framework.TestResult.runProtected(TestResult.java:128)
	at junit.framework.TestResult.run(TestResult.java:113)
	at junit.framework.TestCase.run(TestCase.java:124)
	at junit.framework.TestSuite.runTest(TestSuite.java:232)
	at junit.framework.TestSuite.run(TestSuite.java:227)
	at org.junit.internal.runners.JUnit38ClassRunner.run(JUnit38ClassRunner.java:91)
	at org.apache.maven.surefire.junit4.JUnit4TestSet.execute(JUnit4TestSet.java:62)
	at org.apache.maven.surefire.suite.AbstractDirectoryTestSuite.executeTestSet(AbstractDirectoryTestSuite.java:140)
	at org.apache.maven.surefire.suite.AbstractDirectoryTestSuite.execute(AbstractDirectoryTestSuite.java:127)
	at org.apache.maven.surefire.Surefire.run(Surefire.java:177)
	at sun.reflect.NativeMethodAccessorImpl.invoke0(Native Method)
	at sun.reflect.NativeMethodAccessorImpl.invoke(NativeMethodAccessorImpl.java:39)
	at sun.reflect.DelegatingMethodAccessorImpl.invoke(DelegatingMethodAccessorImpl.java:25)
	at java.lang.reflect.Method.invoke(Method.java:597)
	at org.apache.maven.surefire.booter.SurefireBooter.runSuitesInProcess(SurefireBooter.java:345)
	at org.apache.maven.surefire.booter.SurefireBooter.main(SurefireBooter.java:1009)
</failure>
  </testcase>
  <testcase time="0" classname="com.google.visualization.datasource.util.SqlDataSourceHelperTest" name="testBuildGroupByClause">
    <failure message="null expected:&lt;GROUP BY [`ID`, `FNAME`] &gt; but was:&lt;GROUP BY [&quot;ID&quot;, &quot;FNAME&quot;] &gt;" type="junit.framework.ComparisonFailure">junit.framework.ComparisonFailure: null expected:&lt;GROUP BY [`ID`, `FNAME`] &gt; but was:&lt;GROUP BY [&quot;ID&quot;, &quot;FNAME&quot;] &gt;
	at junit.framework.Assert.assertEquals(Assert.java:81)
	at junit.framework.Assert.assertEquals(Assert.java:87)
	at com.google.visualization.datasource.util.SqlDataSourceHelperTest.testBuildGroupByClause(SqlDataSourceHelperTest.java:242)
	at sun.reflect.NativeMethodAccessorImpl.invoke0(Native Method)
	at sun.reflect.NativeMethodAccessorImpl.invoke(NativeMethodAccessorImpl.java:39)
	at sun.reflect.DelegatingMethodAccessorImpl.invoke(DelegatingMethodAccessorImpl.java:25)
	at java.lang.reflect.Method.invoke(Method.java:597)
	at junit.framework.TestCase.runTest(TestCase.java:168)
	at junit.framework.TestCase.runBare(TestCase.java:134)
	at junit.framework.TestResult$1.protect(TestResult.java:110)
	at junit.framework.TestResult.runProtected(TestResult.java:128)
	at junit.framework.TestResult.run(TestResult.java:113)
	at junit.framework.TestCase.run(TestCase.java:124)
	at junit.framework.TestSuite.runTest(TestSuite.java:232)
	at junit.framework.TestSuite.run(TestSuite.java:227)
	at org.junit.internal.runners.JUnit38ClassRunner.run(JUnit38ClassRunner.java:91)
	at org.apache.maven.surefire.junit4.JUnit4TestSet.execute(JUnit4TestSet.java:62)
	at org.apache.maven.surefire.suite.AbstractDirectoryTestSuite.executeTestSet(AbstractDirectoryTestSuite.java:140)
	at org.apache.maven.surefire.suite.AbstractDirectoryTestSuite.execute(AbstractDirectoryTestSuite.java:127)
	at org.apache.maven.surefire.Surefire.run(Surefire.java:177)
	at sun.reflect.NativeMethodAccessorImpl.invoke0(Native Method)
	at sun.reflect.NativeMethodAccessorImpl.invoke(NativeMethodAccessorImpl.java:39)
	at sun.reflect.DelegatingMethodAccessorImpl.invoke(DelegatingMethodAccessorImpl.java:25)
	at java.lang.reflect.Method.invoke(Method.java:597)
	at org.apache.maven.surefire.booter.SurefireBooter.runSuitesInProcess(SurefireBooter.java:345)
	at org.apache.maven.surefire.booter.SurefireBooter.main(SurefireBooter.java:1009)
</failure>
  </testcase>
  <testcase time="0" classname="com.google.visualization.datasource.util.SqlDataSourceHelperTest" name="testBuildOrderByClause">
    <failure message="ORDER BY count(&quot;ID&quot;) DESC, &quot;FNAME&quot;  expected:&lt;ORDER BY count([`ID`) DESC, `FNAME`] &gt; but was:&lt;ORDER BY count([&quot;ID&quot;) DESC, &quot;FNAME&quot;] &gt;" type="junit.framework.ComparisonFailure">junit.framework.ComparisonFailure: ORDER BY count(&quot;ID&quot;) DESC, &quot;FNAME&quot;  expected:&lt;ORDER BY count([`ID`) DESC, `FNAME`] &gt; but was:&lt;ORDER BY count([&quot;ID&quot;) DESC, &quot;FNAME&quot;] &gt;
	at junit.framework.Assert.assertEquals(Assert.java:81)
	at com.google.visualization.datasource.util.SqlDataSourceHelperTest.testBuildOrderByClause(SqlDataSourceHelperTest.java:259)
	at sun.reflect.NativeMethodAccessorImpl.invoke0(Native Method)
	at sun.reflect.NativeMethodAccessorImpl.invoke(NativeMethodAccessorImpl.java:39)
	at sun.reflect.DelegatingMethodAccessorImpl.invoke(DelegatingMethodAccessorImpl.java:25)
	at java.lang.reflect.Method.invoke(Method.java:597)
	at junit.framework.TestCase.runTest(TestCase.java:168)
	at junit.framework.TestCase.runBare(TestCase.java:134)
	at junit.framework.TestResult$1.protect(TestResult.java:110)
	at junit.framework.TestResult.runProtected(TestResult.java:128)
	at junit.framework.TestResult.run(TestResult.java:113)
	at junit.framework.TestCase.run(TestCase.java:124)
	at junit.framework.TestSuite.runTest(TestSuite.java:232)
	at junit.framework.TestSuite.run(TestSuite.java:227)
	at org.junit.internal.runners.JUnit38ClassRunner.run(JUnit38ClassRunner.java:91)
	at org.apache.maven.surefire.junit4.JUnit4TestSet.execute(JUnit4TestSet.java:62)
	at org.apache.maven.surefire.suite.AbstractDirectoryTestSuite.executeTestSet(AbstractDirectoryTestSuite.java:140)
	at org.apache.maven.surefire.suite.AbstractDirectoryTestSuite.execute(AbstractDirectoryTestSuite.java:127)
	at org.apache.maven.surefire.Surefire.run(Surefire.java:177)
	at sun.reflect.NativeMethodAccessorImpl.invoke0(Native Method)
	at sun.reflect.NativeMethodAccessorImpl.invoke(NativeMethodAccessorImpl.java:39)
	at sun.reflect.DelegatingMethodAccessorImpl.invoke(DelegatingMethodAccessorImpl.java:25)
	at java.lang.reflect.Method.invoke(Method.java:597)
	at org.apache.maven.surefire.booter.SurefireBooter.runSuitesInProcess(SurefireBooter.java:345)
	at org.apache.maven.surefire.booter.SurefireBooter.main(SurefireBooter.java:1009)
</failure>
  </testcase>
  <testcase time="0.001" classname="com.google.visualization.datasource.util.SqlDataSourceHelperTest" name="testBuildLimitAndOffsetClauses"/>
  <testcase time="0.005" classname="com.google.visualization.datasource.util.SqlDataSourceHelperTest" name="testBuildDataTableRows"/>
  <testcase time="0" classname="com.google.visualization.datasource.util.SqlDataSourceHelperTest" name="testBuildDataTableRowsWithEmptyTable"/>
</testsuite>