<?xml version="1.0" encoding="UTF-8" ?>
<testsuite failures="4" time="0.019" errors="0" skipped="0" tests="8" name="com.google.visualization.datasource.util.SqlDataSourceHelperTest">
  <properties>
[...]
</properties>
  <testcase time="0.005" classname="com.google.visualization.datasource.util.SqlDataSourceHelperTest" name="testBuildSelectClause">
    <failure message="SELECT &quot;ID&quot;, min(&quot;Salary&quot;)  expected:&lt;SELECT [`ID`, min(`Salary`]) &gt; but was:&lt;SELECT [&quot;ID&quot;, min(&quot;Salary&quot;]) &gt;" type="junit.framework.ComparisonFailure">junit.framework.ComparisonFailure: SELECT &quot;ID&quot;, min(&quot;Salary&quot;)  expected:&lt;SELECT [`ID`, min(`Salary`]) &gt; but was:&lt;SELECT [&quot;ID&quot;, min(&quot;Salary&quot;]) &gt;
	at junit.framework.Assert.assertEquals(Assert.java:81)
	at com.google.visualization.datasource.util.SqlDataSourceHelperTest.testBuildSelectClause(SqlDataSourceHelperTest.java:130)
	at sun.reflect.NativeMethodAccessorImpl.invoke0(Native Method)
	at sun.reflect.NativeMethodAccessorImpl.invoke(NativeMethodAccessorImpl.java:39)
	at sun.reflect.DelegatingMethodAccessorImpl.invoke(DelegatingMethodAccessorImpl.java:25)
	at java.lang.reflect.Method.invoke(Method.java:597)
	at junit.framework.TestCase.runTest(TestCase.java:168)
	at junit.framework.TestCase.runBare(TestCase.java:134)
	at junit.framework.TestResult$1.protect(TestResult.java:110)
	at junit.framework.TestResult.runProtected(TestResult.java:128)
	at junit.framework.TestResult.run(TestResult.java:113)
	at junit.framework.TestCase.run(TestCase.java:124)
	at junit.framework.TestSuite.runTest(TestSuite.java:232)
	at junit.framework.TestSuite.run(TestSuite.java:227)
	at org.junit.internal.runners.JUnit38ClassRunner.run(JUnit38ClassRunner.java:91)
	at org.apache.maven.surefire.junit4.JUnit4TestSet.execute(JUnit4TestSet.java:62)
	at org.apache.maven.surefire.suite.AbstractDirectoryTestSuite.executeTestSet(AbstractDirectoryTestSuite.java:140)
	at org.apache.maven.surefire.suite.AbstractDirectoryTestSuite.execute(AbstractDirectoryTestSuite.java:127)
	at org.apache.maven.surefire.Surefire.run(Surefire.java:177)
	at sun.reflect.NativeMethodAccessorImpl.invoke0(Native Method)
	at sun.reflect.NativeMethodAccessorImpl.invoke(NativeMethodAccessorImpl.java:39)
	at sun.reflect.DelegatingMethodAccessorImpl.invoke(DelegatingMethodAccessorImpl.java:25)
	at java.lang.reflect.Method.invoke(Method.java:597)
	at org.apache.maven.surefire.booter.SurefireBooter.runSuitesInProcess(SurefireBooter.java:345)
	at org.apache.maven.surefire.booter.SurefireBooter.main(SurefireBooter.java:1009)
</failure>
  </testcase>
  <testcase time="0" classname="com.google.visualization.datasource.util.SqlDataSourceHelperTest" name="testBuildFromClause"/>
  <testcase time="0.002" classname="com.google.visualization.datasource.util.SqlDataSourceHelperTest" name="testBuildWhereClause">
    <failure message="WHERE (((&quot;ID&quot;=&quot;Salary&quot;) AND (&quot;ID&quot;&gt;=1.0)) OR ((&quot;Fname&quot; LIKE &quot;&apos;Mi&apos;%&quot;) AND (&quot;Lname&quot; LIKE &quot;%&apos;SH&apos;%&quot;) AND (&quot;Lname&quot; LIKE &quot;%&apos;tz&apos;&quot;)))  expected:&lt;WHERE ((([`ID`=`Salary`) AND (`ID`&gt;=1.0)) OR ((`Fname` LIKE &quot;Mi%&quot;) AND (`Lname` LIKE &quot;%SH%&quot;) AND (`Lname` LIKE &quot;%tz]&quot;))) &gt; but was:&lt;WHERE ((([&quot;ID&quot;=&quot;Salary&quot;) AND (&quot;ID&quot;&gt;=1.0)) OR ((&quot;Fname&quot; LIKE &quot;&apos;Mi&apos;%&quot;) AND (&quot;Lname&quot; LIKE &quot;%&apos;SH&apos;%&quot;) AND (&quot;Lname&quot; LIKE &quot;%&apos;tz&apos;]&quot;))) &gt;" type="junit.framework.ComparisonFailure">junit.framework.ComparisonFailure: WHERE (((&quot;ID&quot;=&quot;Salary&quot;) AND (&quot;ID&quot;&gt;=1.0)) OR ((&quot;Fname&quot; LIKE &quot;&apos;Mi&apos;%&quot;) AND (&quot;Lname&quot; LIKE &quot;%&apos;SH&apos;%&quot;) AND (&quot;Lname&quot; LIKE &quot;%&apos;tz&apos;&quot;)))  expected:&lt;WHERE ((([`ID`=`Salary`) AND (`ID`&gt;=1.0)) OR ((`Fname` LIKE &quot;Mi%&quot;) AND (`Lname` LIKE &quot;%SH%&quot;) AND (`Lname` LIKE &quot;%tz]&quot;))) &gt; but was:&lt;WHERE ((([&quot;ID&quot;=&quot;Salary&quot;) AND (&quot;ID&quot;&gt;=1.0)) OR ((&quot;Fname&quot; LIKE &quot;&apos;Mi&apos;%&quot;) AND (&quot;Lname&quot; LIKE &quot;%&apos;SH&apos;%&quot;) AND (&quot;Lname&quot; LIKE &quot;%&apos;tz&apos;]&quot;))) &gt;
	at junit.framework.Assert.assertEquals(Assert.java:81)
	at com.google.visualization.datasource.util.SqlDataSourceHelperTest.testBuildWhereClause(SqlDataSourceHelperTest.java:182)
	at sun.reflect.NativeMethodAccessorImpl.invoke0(Native Method)
	at sun.reflect.NativeMethodAccessorImpl.invoke(NativeMethodAccessorImpl.java:39)
	at sun.reflect.DelegatingMethodAccessorImpl.invoke(DelegatingMethodAccessorImpl.java:25)
	at java.lang.reflect.Method.invoke(Method.java:597)
	at junit.framework.TestCase.runTest(TestCase.java:168)
	at junit.framework.TestCase.runBare(TestCase.java:134)
	at junit.framework.TestResult$1.protect(TestResult.java:110)
	at junit.framework.TestResult.runProtected(TestResult.java:128)
	at junit.framework.TestResult.run(TestResult.java:113)
	at junit.framework.TestCase.run(TestCase.java:124)
	at junit.framework.TestSuite.runTest(TestSuite.java:232)
	at junit.framework.TestSuite.run(TestSuite.java:227)
	at org.junit.internal.runners.JUnit38ClassRunner.run(JUnit38ClassRunner.java:91)
	at org.apache.maven.surefire.junit4.JUnit4TestSet.execute(JUnit4TestSet.java:62)
	at org.apache.maven.surefire.suite.AbstractDirectoryTestSuite.executeTestSet(AbstractDirectoryTestSuite.java:140)
	at org.apache.maven.surefire.suite.AbstractDirectoryTestSuite.execute(AbstractDirectoryTestSuite.java:127)
	at org.apache.maven.surefire.Surefire.run(Surefire.java:177)
	at sun.reflect.NativeMethodAccessorImpl.invoke0(Native Method)
	at sun.reflect.NativeMethodAccessorImpl.invoke(NativeMethodAccessorImpl.java:39)
	at sun.reflect.DelegatingMethodAccessorImpl.invoke(DelegatingMethodAccessorImpl.java:25)
	at java.lang.reflect.Method.invoke(Method.java:597)
	at org.apache.maven.surefire.booter.SurefireBooter.runSuitesInProcess(SurefireBooter.java:345)
	at org.apache.maven.surefire.booter.SurefireBooter.main(SurefireBooter.java:1009)
</failure>
  </testcase>
  <testcase time="0" classname="com.google.visualization.datasource.util.SqlDataSourceHelperTest" name="testBuildGroupByClause">
    <failure message="null expected:&lt;GROUP BY [`ID`, `FNAME`] &gt; but was:&lt;GROUP BY [&quot;ID&quot;, &quot;FNAME&quot;] &gt;" type="junit.framework.ComparisonFailure">junit.framework.ComparisonFailure: null expected:&lt;GROUP BY [`ID`, `FNAME`] &gt; but was:&lt;GROUP BY [&quot;ID&quot;, &quot;FNAME&quot;] &gt;
	at junit.framework.Assert.assertEquals(Assert.java:81)
	at junit.framework.Assert.assertEquals(Assert.java:87)
	at com.google.visualization.datasource.util.SqlDataSourceHelperTest.testBuildGroupByClause(SqlDataSourceHelperTest.java:242)
	at sun.reflect.NativeMethodAccessorImpl.invoke0(Native Method)
	at sun.reflect.NativeMethodAccessorImpl.invoke(NativeMethodAccessorImpl.java:39)
	at sun.reflect.DelegatingMethodAccessorImpl.invoke(DelegatingMethodAccessorImpl.java:25)
	at java.lang.reflect.Method.invoke(Method.java:597)
	at junit.framework.TestCase.runTest(TestCase.java:168)
	at junit.framework.TestCase.runBare(TestCase.java:134)
	at junit.framework.TestResult$1.protect(TestResult.java:110)
	at junit.framework.TestResult.runProtected(TestResult.java:128)
	at junit.framework.TestResult.run(TestResult.java:113)
	at junit.framework.TestCase.run(TestCase.java:124)
	at junit.framework.TestSuite.runTest(TestSuite.java:232)
	at junit.framework.TestSuite.run(TestSuite.java:227)
	at org.junit.internal.runners.JUnit38ClassRunner.run(JUnit38ClassRunner.java:91)
	at org.apache.maven.surefire.junit4.JUnit4TestSet.execute(JUnit4TestSet.java:62)
	at org.apache.maven.surefire.suite.AbstractDirectoryTestSuite.executeTestSet(AbstractDirectoryTestSuite.java:140)
	at org.apache.maven.surefire.suite.AbstractDirectoryTestSuite.execute(AbstractDirectoryTestSuite.java:127)
	at org.apache.maven.surefire.Surefire.run(Surefire.java:177)
	at sun.reflect.NativeMethodAccessorImpl.invoke0(Native Method)
	at sun.reflect.NativeMethodAccessorImpl.invoke(NativeMethodAccessorImpl.java:39)
	at sun.reflect.DelegatingMethodAccessorImpl.invoke(DelegatingMethodAccessorImpl.java:25)
	at java.lang.reflect.Method.invoke(Method.java:597)
	at org.apache.maven.surefire.booter.SurefireBooter.runSuitesInProcess(SurefireBooter.java:345)
	at org.apache.maven.surefire.booter.SurefireBooter.main(SurefireBooter.java:1009)
</failure>
  </testcase>
  <testcase time="0" classname="com.google.visualization.datasource.util.SqlDataSourceHelperTest" name="testBuildOrderByClause">
    <failure message="ORDER BY count(&quot;ID&quot;) DESC, &quot;FNAME&quot;  expected:&lt;ORDER BY count([`ID`) DESC, `FNAME`] &gt; but was:&lt;ORDER BY count([&quot;ID&quot;) DESC, &quot;FNAME&quot;] &gt;" type="junit.framework.ComparisonFailure">junit.framework.ComparisonFailure: ORDER BY count(&quot;ID&quot;) DESC, &quot;FNAME&quot;  expected:&lt;ORDER BY count([`ID`) DESC, `FNAME`] &gt; but was:&lt;ORDER BY count([&quot;ID&quot;) DESC, &quot;FNAME&quot;] &gt;
	at junit.framework.Assert.assertEquals(Assert.java:81)
	at com.google.visualization.datasource.util.SqlDataSourceHelperTest.testBuildOrderByClause(SqlDataSourceHelperTest.java:259)
	at sun.reflect.NativeMethodAccessorImpl.invoke0(Native Method)
	at sun.reflect.NativeMethodAccessorImpl.invoke(NativeMethodAccessorImpl.java:39)
	at sun.reflect.DelegatingMethodAccessorImpl.invoke(DelegatingMethodAccessorImpl.java:25)
	at java.lang.reflect.Method.invoke(Method.java:597)
	at junit.framework.TestCase.runTest(TestCase.java:168)
	at junit.framework.TestCase.runBare(TestCase.java:134)
	at junit.framework.TestResult$1.protect(TestResult.java:110)
	at junit.framework.TestResult.runProtected(TestResult.java:128)
	at junit.framework.TestResult.run(TestResult.java:113)
	at junit.framework.TestCase.run(TestCase.java:124)
	at junit.framework.TestSuite.runTest(TestSuite.java:232)
	at junit.framework.TestSuite.run(TestSuite.java:227)
	at org.junit.internal.runners.JUnit38ClassRunner.run(JUnit38ClassRunner.java:91)
	at org.apache.maven.surefire.junit4.JUnit4TestSet.execute(JUnit4TestSet.java:62)
	at org.apache.maven.surefire.suite.AbstractDirectoryTestSuite.executeTestSet(AbstractDirectoryTestSuite.java:140)
	at org.apache.maven.surefire.suite.AbstractDirectoryTestSuite.execute(AbstractDirectoryTestSuite.java:127)
	at org.apache.maven.surefire.Surefire.run(Surefire.java:177)
	at sun.reflect.NativeMethodAccessorImpl.invoke0(Native Method)
	at sun.reflect.NativeMethodAccessorImpl.invoke(NativeMethodAccessorImpl.java:39)
	at sun.reflect.DelegatingMethodAccessorImpl.invoke(DelegatingMethodAccessorImpl.java:25)
	at java.lang.reflect.Method.invoke(Method.java:597)
	at org.apache.maven.surefire.booter.SurefireBooter.runSuitesInProcess(SurefireBooter.java:345)
	at org.apache.maven.surefire.booter.SurefireBooter.main(SurefireBooter.java:1009)
</failure>
  </testcase>
  <testcase time="0.001" classname="com.google.visualization.datasource.util.SqlDataSourceHelperTest" name="testBuildLimitAndOffsetClauses"/>
  <testcase time="0.005" classname="com.google.visualization.datasource.util.SqlDataSourceHelperTest" name="testBuildDataTableRows"/>
  <testcase time="0" classname="com.google.visualization.datasource.util.SqlDataSourceHelperTest" name="testBuildDataTableRowsWithEmptyTable"/>
</testsuite>