<?xml version="1.0" encoding="UTF-8" ?>
<testsuite failures="0" time="0.135" errors="0" skipped="0" tests="32" name="com.google.visualization.datasource.query.engine.QueryEngineTest">
  <properties>
[...]
</properties>
  <testcase time="0.001" classname="com.google.visualization.datasource.query.engine.QueryEngineTest" name="testEmptyQuery"/>
  <testcase time="0" classname="com.google.visualization.datasource.query.engine.QueryEngineTest" name="testSortByNumberAscending"/>
  <testcase time="0" classname="com.google.visualization.datasource.query.engine.QueryEngineTest" name="testSortByNumberDescending"/>
  <testcase time="0.001" classname="com.google.visualization.datasource.query.engine.QueryEngineTest" name="testSortByTextAscending"/>
  <testcase time="0" classname="com.google.visualization.datasource.query.engine.QueryEngineTest" name="testSortByTextDescnding"/>
  <testcase time="0.001" classname="com.google.visualization.datasource.query.engine.QueryEngineTest" name="testSelectWithNoCols"/>
  <testcase time="0" classname="com.google.visualization.datasource.query.engine.QueryEngineTest" name="testSelectionOfFirstCol"/>
  <testcase time="0.001" classname="com.google.visualization.datasource.query.engine.QueryEngineTest" name="testSelectionOfAllButFirstCol"/>
  <testcase time="0" classname="com.google.visualization.datasource.query.engine.QueryEngineTest" name="testSelectionAndSortByTextDescending"/>
  <testcase time="0.007" classname="com.google.visualization.datasource.query.engine.QueryEngineTest" name="testGrouping"/>
  <testcase time="0.013" classname="com.google.visualization.datasource.query.engine.QueryEngineTest" name="testGroupingWithPivoting"/>
  <testcase time="0.006" classname="com.google.visualization.datasource.query.engine.QueryEngineTest" name="testGroupingByScalarFunction"/>
  <testcase time="0.003" classname="com.google.visualization.datasource.query.engine.QueryEngineTest" name="testPivotingByScalarFunction"/>
  <testcase time="0.004" classname="com.google.visualization.datasource.query.engine.QueryEngineTest" name="testGroupingByScalarFunctionWithPivoting"/>
  <testcase time="0.004" classname="com.google.visualization.datasource.query.engine.QueryEngineTest" name="testPivotingByScalarFunctionWithGrouping"/>
  <testcase time="0.002" classname="com.google.visualization.datasource.query.engine.QueryEngineTest" name="testGroupingAndPivotingByScalarFunction"/>
  <testcase time="0.001" classname="com.google.visualization.datasource.query.engine.QueryEngineTest" name="testSelectionOfScalarFunction"/>
  <testcase time="0.002" classname="com.google.visualization.datasource.query.engine.QueryEngineTest" name="testSelectionOfScalarFunctionWithGrouping"/>
  <testcase time="0.002" classname="com.google.visualization.datasource.query.engine.QueryEngineTest" name="testSelectionOfScalarFunctionWithPivoting"/>
  <testcase time="0.003" classname="com.google.visualization.datasource.query.engine.QueryEngineTest" name="testSelectionOfScalarFunctionWithGroupingAndPivoting"/>
  <testcase time="0" classname="com.google.visualization.datasource.query.engine.QueryEngineTest" name="testSelectionOfScalarFunctionWithEmptyTable"/>
  <testcase time="0.001" classname="com.google.visualization.datasource.query.engine.QueryEngineTest" name="testOrderByScalarFunction"/>
  <testcase time="0.002" classname="com.google.visualization.datasource.query.engine.QueryEngineTest" name="testSelectionOfArithmeticExpression"/>
  <testcase time="0.002" classname="com.google.visualization.datasource.query.engine.QueryEngineTest" name="testGroupByArithmeticExpression"/>
  <testcase time="0.001" classname="com.google.visualization.datasource.query.engine.QueryEngineTest" name="testFilterArithmeticExpression"/>
  <testcase time="0.001" classname="com.google.visualization.datasource.query.engine.QueryEngineTest" name="testLabels"/>
  <testcase time="0.013" classname="com.google.visualization.datasource.query.engine.QueryEngineTest" name="testFormatAndLabelOnPivotColumns"/>
  <testcase time="0.001" classname="com.google.visualization.datasource.query.engine.QueryEngineTest" name="testAggregationAppearsTwice"/>
  <testcase time="0.001" classname="com.google.visualization.datasource.query.engine.QueryEngineTest" name="testFormatStoresPattern"/>
  <testcase time="0.001" classname="com.google.visualization.datasource.query.engine.QueryEngineTest" name="testQueryDoesntRuinDataSourcePatterns"/>
  <testcase time="0.013" classname="com.google.visualization.datasource.query.engine.QueryEngineTest" name="testQueryWithLikeOperator"/>
  <testcase time="0.014" classname="com.google.visualization.datasource.query.engine.QueryEngineTest" name="testScalarFunctions"/>
</testsuite>